Drill Listing
=============
Drill: .005  Tool: 1  Feed: 0  Speed: 0
X 60629  Y 15354
X 60629  Y 21259
X 68503  Y 21259
X 68503  Y 15354
X 76377  Y 15354
X 76377  Y 21259
X 84251  Y 15354
X 84251  Y 21259
X 92125  Y 21259
X 92125  Y 15354
X 100000  Y 15354
X 100000  Y 21259
X 107874  Y 15354
X 107874  Y 21259
X 115748  Y 15354
X 115748  Y 21259
X 123622  Y 21259
X 123622  Y 15354
X 131496  Y 15354
X 131496  Y 21259
X 139370  Y 21259
X 139370  Y 15354
X 147244  Y 14566
X 147244  Y 21259
X 155118  Y 21259
X 155118  Y 13385
X 155118  Y 29133
X 155118  Y 37007
X 150275  Y 52755
X 144212  Y 52755
X 135433  Y 53661
X 127559  Y 53661
X 119685  Y 53661
X 118503  Y 46850
X 92132  Y 57636
X 84251  Y 51535
X 76377  Y 57629
X 68503  Y 51535
X 60629  Y 57629
X 52755  Y 51535
X 54724  Y 80708
X 78346  Y 80708
X 94094  Y 76377
X 94094  Y 84251
X 105905  Y 59842
X 107874  Y 68503
X 107874  Y 76377
X 115748  Y 84251
X 119685  Y 59724
X 119685  Y 84251
X 120600  Y 68500
X 122600  Y 66400
X 123622  Y 84251
X 127559  Y 59724
X 127559  Y 84251
X 131496  Y 84251
X 135433  Y 59724
X 144212  Y 60629
X 144212  Y 68503
X 149212  Y 76377
X 150275  Y 60629
X 150275  Y 68503
X 132500  Y 103200
X 131496  Y 92125
X 131496  Y 88188
X 131496  Y 96062
X 128600  Y 101900
X 125000  Y 99300
X 115748  Y 96062
X 98200  Y 93100
X 98200  Y 95100
X 98200  Y 97100
X 98100  Y 99100
X 90200  Y 105200
X 80314  Y 104724
X 80314  Y 99212
X 56431  Y 105300
X 50368  Y 112500
X 62598  Y 111811
X 96062  Y 128779
X 99100  Y 109900
X 108661  Y 109842
X 113385  Y 125059
X 113385  Y 130059
X 113385  Y 120059
X 127559  Y 123622
X 127559  Y 127559
X 127559  Y 131496
X 133858  Y 130059
X 133858  Y 125059
X 133858  Y 120059
X 143307  Y 111811
X 155118  Y 155118
X 147244  Y 134527
X 147244  Y 146338
X 147244  Y 152086
X 133858  Y 135059
X 113385  Y 135059
X 99062  Y 143307
X 79133  Y 143700
X 99062  Y 174803
X 99094  Y 166929
X 155118  Y 182677
X 155118  Y 174803
X 155118  Y 166929

Drill: .01968  Tool: 2  Feed: 95  Speed: 300
X 62253  Y 178396
X 73753  Y 178396

Drill: .02953  Tool: 3  Feed: 197  Speed: 550
X 56692  Y 25196
X 64566  Y 25196
X 72440  Y 25196
X 80314  Y 25196
X 88188  Y 25196
X 96062  Y 25196
X 103937  Y 25196
X 111811  Y 25196
X 119685  Y 25196
X 127559  Y 25196
X 135433  Y 25196
X 143307  Y 25196

Drill: .0315  Tool: 4  Feed: 197  Speed: 550
X 56692  Y 9448
X 64566  Y 9448
X 72440  Y 9448
X 80314  Y 9448
X 88188  Y 9448
X 96062  Y 9448
X 103937  Y 9448
X 111811  Y 9448
X 119685  Y 9448
X 127559  Y 9448
X 135433  Y 9448
X 143307  Y 9448
X 159055  Y 56692
X 159055  Y 72440
X 159055  Y 80314
X 159055  Y 64566
X 40944  Y 80314
X 40944  Y 72440
X 40944  Y 64566
X 40944  Y 56692
X 40944  Y 103937
X 40944  Y 96062
X 40944  Y 88188
X 159055  Y 88188
X 159055  Y 96062
X 159055  Y 103937
X 159055  Y 119685
X 159055  Y 127559
X 159055  Y 111811
X 159055  Y 135433
X 159055  Y 143307
X 40944  Y 111811
X 56692  Y 190551
X 64566  Y 190551
X 72440  Y 190551
X 80314  Y 190551
X 88188  Y 190551
X 96062  Y 190551
X 103937  Y 190551
X 111811  Y 190551
X 119685  Y 190551
X 127559  Y 190551
X 135433  Y 190551
X 143307  Y 190551

Drill: .03543  Tool: 5  Feed: 197  Speed: 550
X 53503  Y 40944
X 63503  Y 40944
X 73503  Y 40944
X 83503  Y 40944
X 97244  Y 40944
X 107244  Y 40944
X 117244  Y 40944
X 127244  Y 40944
X 137244  Y 40944
X 147244  Y 40944
X 71000  Y 122000
X 61000  Y 122000
X 51000  Y 122000
X 112559  Y 174803
X 122559  Y 174803
X 132559  Y 174803
X 142559  Y 174803

Drill: .03937  Tool: 6  Feed: 197  Speed: 550
X 123622  Y 145275
X 133464  Y 155117
X 123622  Y 164960

End of Listing
